[INFO ] 2018-07-26 18:52:16.855 [main] MamasnackWsApplication - Starting MamasnackWsApplication on AYOUB-PC with PID 8172 (C:\Users\aybbk\git\MamaSnackPro\target\classes started by aybbk in C:\Users\aybbk\git\MamaSnackPro)
[INFO ] 2018-07-26 18:52:16.888 [main] MamasnackWsApplication - The following profiles are active: @spring.profiles.active@
[INFO ] 2018-07-26 18:52:25.756 [main] MamasnackWsApplication - Started MamasnackWsApplication in 9.465 seconds (JVM running for 12.675)
[ERROR] 2018-07-26 18:53:34.917 [http-nio-8080-exec-3] ProduitRestService - com.mamasnack.service.ProduitRestServiceune erreur est produite lors de l'exécution du web service getProduit : produit inexistant !
[ERROR] 2018-07-26 18:53:39.181 [http-nio-8080-exec-6] ProduitRestService - com.mamasnack.service.ProduitRestServiceune erreur est produite lors de l'exécution du web service getProduit : produit inexistant !
[ERROR] 2018-07-26 18:56:52.250 [http-nio-8080-exec-1] ProduitRestService - com.mamasnack.service.ProduitRestServiceune erreur est produite lors de l'exécution du web service getProduit : produit inexistant !
[ERROR] 2018-07-26 18:56:54.151 [http-nio-8080-exec-2] ProduitRestService - com.mamasnack.service.ProduitRestServiceune erreur est produite lors de l'exécution du web service getProduit : produit inexistant !
[INFO ] 2018-07-26 18:57:21.906 [http-nio-8080-exec-6] CommandeMetierImpl - Info message
[ERROR] 2018-07-26 18:58:02.518 [http-nio-8080-exec-5] UserMetierImpl - com.mamasnack.metier.UserMetierImplune erreur est produite lors de l'exécution du web service modifyLigneDeCommande : 
[ERROR] 2018-07-26 18:58:15.447 [http-nio-8080-exec-3] UserMetierImpl - com.mamasnack.metier.UserMetierImplune erreur est produite lors de l'exécution du web service modifyLigneDeCommande : 
[ERROR] 2018-07-26 18:58:17.071 [http-nio-8080-exec-2] UserMetierImpl - com.mamasnack.metier.UserMetierImplune erreur est produite lors de l'exécution du web service modifyLigneDeCommande : 
[ERROR] 2018-07-26 19:02:27.118 [http-nio-8080-exec-5] UserMetierImpl - com.mamasnack.metier.UserMetierImplemail n'est pas unique lors de l'exécution du web service addUser : 
[ERROR] 2018-07-26 19:07:14.975 [http-nio-8080-exec-4] UserRestService - com.mamasnack.service.UserRestServiceune erreur est produite lors de l'exécution du web service deleteuser : User inexistant !
[ERROR] 2018-07-26 19:08:14.283 [http-nio-8080-exec-2] UserRestService - com.mamasnack.service.UserRestServiceune erreur est produite lors de l'exécution du web service deleteuser : could not execute statement; SQL [n/a]; constraint [null]; nested exception is org.hibernate.exception.ConstraintViolationException: could not execute statement
[ERROR] 2018-07-26 19:08:26.249 [http-nio-8080-exec-5] UserRestService - com.mamasnack.service.UserRestServiceune erreur est produite lors de l'exécution du web service deleteuser : could not execute statement; SQL [n/a]; constraint [null]; nested exception is org.hibernate.exception.ConstraintViolationException: could not execute statement
[ERROR] 2018-07-26 19:09:27.802 [http-nio-8080-exec-8] UserRestService - com.mamasnack.service.UserRestServiceune erreur est produite lors de l'exécution du web service deleteuser : could not execute statement; SQL [n/a]; constraint [null]; nested exception is org.hibernate.exception.ConstraintViolationException: could not execute statement
[ERROR] 2018-07-26 19:13:08.142 [http-nio-8080-exec-5] ProduitRestService - com.mamasnack.service.ProduitRestServiceune erreur est produite lors de l'exécution du web service updateuser : org.hibernate.TransientPropertyValueException: object references an unsaved transient instance - save the transient instance before flushing : com.mamasnack.entities.Produit.cuisine -> com.mamasnack.entities.Cuisine; nested exception is java.lang.IllegalStateException: org.hibernate.TransientPropertyValueException: object references an unsaved transient instance - save the transient instance before flushing : com.mamasnack.entities.Produit.cuisine -> com.mamasnack.entities.Cuisine
[ERROR] 2018-07-26 19:13:20.371 [http-nio-8080-exec-9] ProduitRestService - com.mamasnack.service.ProduitRestServiceune erreur est produite lors de l'exécution du web service updateuser : org.hibernate.TransientPropertyValueException: object references an unsaved transient instance - save the transient instance before flushing : com.mamasnack.entities.Produit.cuisine -> com.mamasnack.entities.Cuisine; nested exception is java.lang.IllegalStateException: org.hibernate.TransientPropertyValueException: object references an unsaved transient instance - save the transient instance before flushing : com.mamasnack.entities.Produit.cuisine -> com.mamasnack.entities.Cuisine
[ERROR] 2018-07-26 19:15:52.938 [http-nio-8080-exec-4] UserRestService - com.mamasnack.service.UserRestServiceune erreur est produite lors de l'exécution du web service updateuser : query did not return a unique result: 4; nested exception is javax.persistence.NonUniqueResultException: query did not return a unique result: 4
[ERROR] 2018-07-26 19:37:03.448 [http-nio-8080-exec-9] UserMetierImpl - com.mamasnack.metier.UserMetierImplle role existe deja 3
[ERROR] 2018-07-26 19:45:44.500 [http-nio-8080-exec-7] UserMetierImpl - com.mamasnack.metier.UserMetierImplle role existe deja 1
[ERROR] 2018-07-26 19:45:47.408 [http-nio-8080-exec-2] UserMetierImpl - com.mamasnack.metier.UserMetierImplle role existe deja 1
[ERROR] 2018-07-26 19:47:52.259 [http-nio-8080-exec-10] UserMetierImpl - com.mamasnack.metier.UserMetierImplune erreur est produite lors de l'exécution du web service modifyLigneDeCommande : 
[ERROR] 2018-07-26 19:48:04.476 [http-nio-8080-exec-3] UserMetierImpl - com.mamasnack.metier.UserMetierImplune erreur est produite lors de l'exécution du web service modifyLigneDeCommande : 
[ERROR] 2018-07-26 19:48:48.817 [http-nio-8080-exec-7] UserMetierImpl - com.mamasnack.metier.UserMetierImplune erreur est produite lors de l'exécution du web service modifyLigneDeCommande : 
[INFO ] 2018-07-26 20:55:19.647 [main] MamasnackWsApplication - Starting MamasnackWsApplication on AYOUB-PC with PID 9968 (C:\Users\aybbk\git\MamaSnackPro\target\classes started by aybbk in C:\Users\aybbk\git\MamaSnackPro)
[INFO ] 2018-07-26 20:55:19.663 [main] MamasnackWsApplication - The following profiles are active: @spring.profiles.active@
[INFO ] 2018-07-26 20:55:55.572 [main] MamasnackWsApplication - Starting MamasnackWsApplication on AYOUB-PC with PID 292 (C:\Users\aybbk\git\MamaSnackPro\target\classes started by aybbk in C:\Users\aybbk\git\MamaSnackPro)
[INFO ] 2018-07-26 20:55:55.593 [main] MamasnackWsApplication - The following profiles are active: @spring.profiles.active@
[INFO ] 2018-07-26 20:56:02.387 [main] MamasnackWsApplication - Started MamasnackWsApplication in 7.237 seconds (JVM running for 9.417)
[ERROR] 2018-07-26 20:56:12.068 [http-nio-8080-exec-1] UserMetierImpl - com.mamasnack.metier.UserMetierImplemail n'est pas unique lors de l'exécution du web service updatePassword : 
[ERROR] 2018-07-26 20:56:28.376 [http-nio-8080-exec-3] UserMetierImpl - com.mamasnack.metier.UserMetierImplemail n'est pas unique lors de l'exécution du web service updatePassword : 
[ERROR] 2018-07-26 20:57:29.780 [http-nio-8080-exec-7] UserRestService - com.mamasnack.service.UserRestServiceune erreur est produite lors de l'exécution du web service delete Role : query did not return a unique result: 4; nested exception is javax.persistence.NonUniqueResultException: query did not return a unique result: 4
[ERROR] 2018-07-26 20:57:44.705 [http-nio-8080-exec-4] UserRestService - com.mamasnack.service.UserRestServiceune erreur est produite lors de l'exécution du web service delete Role : query did not return a unique result: 4; nested exception is javax.persistence.NonUniqueResultException: query did not return a unique result: 4
[ERROR] 2018-07-26 21:18:15.447 [http-nio-8080-exec-10] ProduitRestService - com.mamasnack.service.ProduitRestServiceune erreur est produite lors de l'exécution du web service getProduit : produit inexistant !
[ERROR] 2018-07-26 21:40:03.364 [http-nio-8080-exec-9] ProduitRestService - com.mamasnack.service.ProduitRestServiceune erreur est produite lors de l'exécution du web service deleteProduit : produit inexistant !
[ERROR] 2018-07-26 22:15:49.462 [http-nio-8080-exec-6] UserRestService - com.mamasnack.service.UserRestServiceune erreur est produite lors de l'exécution du web service deleteuser : could not execute statement; SQL [n/a]; constraint [null]; nested exception is org.hibernate.exception.ConstraintViolationException: could not execute statement
[ERROR] 2018-07-26 22:25:55.839 [http-nio-8080-exec-3] ProduitRestService - com.mamasnack.service.ProduitRestServiceune erreur est produite lors de l'exécution du web service getProduit : produit inexistant !
[ERROR] 2018-07-26 22:27:55.533 [http-nio-8080-exec-5] ProduitRestService - com.mamasnack.service.ProduitRestServiceune erreur est produite lors de l'exécution du web service ajouterCategorie : query did not return a unique result: 2; nested exception is javax.persistence.NonUniqueResultException: query did not return a unique result: 2
[ERROR] 2018-07-26 22:30:36.816 [http-nio-8080-exec-2] ProduitRestService - com.mamasnack.service.ProduitRestServiceune erreur est produite lors de l'exécution du web service ajouterCategorie : query did not return a unique result: 2; nested exception is javax.persistence.NonUniqueResultException: query did not return a unique result: 2
[INFO ] 2018-07-26 22:31:56.231 [main] MamasnackWsApplication - Starting MamasnackWsApplication on AYOUB-PC with PID 3152 (C:\Users\aybbk\git\MamaSnackPro\target\classes started by aybbk in C:\Users\aybbk\git\MamaSnackPro)
[INFO ] 2018-07-26 22:31:56.247 [main] MamasnackWsApplication - The following profiles are active: @spring.profiles.active@
[INFO ] 2018-07-26 22:32:04.586 [main] MamasnackWsApplication - Started MamasnackWsApplication in 8.947 seconds (JVM running for 11.325)
[ERROR] 2018-07-26 22:32:37.482 [http-nio-8080-exec-5] ProduitRestService - com.mamasnack.service.ProduitRestServiceune erreur est produite lors de l'exécution du web service ajouter Categorie : query did not return a unique result: 2; nested exception is javax.persistence.NonUniqueResultException: query did not return a unique result: 2
[INFO ] 2018-07-26 22:39:15.168 [main] MamasnackWsApplication - Starting MamasnackWsApplication on AYOUB-PC with PID 11504 (C:\Users\aybbk\git\MamaSnackPro\target\classes started by aybbk in C:\Users\aybbk\git\MamaSnackPro)
[INFO ] 2018-07-26 22:39:15.177 [main] MamasnackWsApplication - The following profiles are active: @spring.profiles.active@
[INFO ] 2018-07-26 22:39:21.589 [main] MamasnackWsApplication - Started MamasnackWsApplication in 6.797 seconds (JVM running for 8.251)
[ERROR] 2018-07-26 22:39:25.740 [http-nio-8080-exec-1] ProduitRestService - com.mamasnack.service.ProduitRestServiceune erreur est produite lors de l'exécution du web service ajouter Categorie : query did not return a unique result: 2; nested exception is javax.persistence.NonUniqueResultException: query did not return a unique result: 2
[INFO ] 2018-07-26 22:40:45.187 [main] MamasnackWsApplication - Starting MamasnackWsApplication on AYOUB-PC with PID 6848 (C:\Users\aybbk\git\MamaSnackPro\target\classes started by aybbk in C:\Users\aybbk\git\MamaSnackPro)
[INFO ] 2018-07-26 22:40:45.215 [main] MamasnackWsApplication - The following profiles are active: @spring.profiles.active@
[INFO ] 2018-07-26 22:40:45.244 [main] MamasnackWsApplication - Starting MamasnackWsApplication on AYOUB-PC with PID 9488 (C:\Users\aybbk\git\MamaSnackPro\target\classes started by aybbk in C:\Users\aybbk\git\MamaSnackPro)
[INFO ] 2018-07-26 22:40:45.255 [main] MamasnackWsApplication - The following profiles are active: @spring.profiles.active@
[INFO ] 2018-07-26 22:40:57.560 [main] MamasnackWsApplication - Started MamasnackWsApplication in 12.894 seconds (JVM running for 15.416)
[INFO ] 2018-07-26 22:41:08.466 [main] MamasnackWsApplication - Starting MamasnackWsApplication on AYOUB-PC with PID 11168 (C:\Users\aybbk\git\MamaSnackPro\target\classes started by aybbk in C:\Users\aybbk\git\MamaSnackPro)
[INFO ] 2018-07-26 22:41:08.473 [main] MamasnackWsApplication - The following profiles are active: @spring.profiles.active@
[INFO ] 2018-07-26 22:41:36.434 [main] MamasnackWsApplication - Starting MamasnackWsApplication on AYOUB-PC with PID 10052 (C:\Users\aybbk\git\MamaSnackPro\target\classes started by aybbk in C:\Users\aybbk\git\MamaSnackPro)
[INFO ] 2018-07-26 22:41:36.440 [main] MamasnackWsApplication - The following profiles are active: @spring.profiles.active@
[INFO ] 2018-07-26 22:41:41.856 [main] MamasnackWsApplication - Started MamasnackWsApplication in 5.757 seconds (JVM running for 6.888)
[ERROR] 2018-07-26 22:41:48.261 [http-nio-8080-exec-2] ProduitRestService - com.mamasnack.service.ProduitRestServiceune erreur est produite lors de l'exécution du web service ajouter Categorie : query did not return a unique result: 2; nested exception is javax.persistence.NonUniqueResultException: query did not return a unique result: 2
[INFO ] 2018-07-26 22:43:18.115 [main] MamasnackWsApplication - Starting MamasnackWsApplication on AYOUB-PC with PID 4952 (C:\Users\aybbk\git\MamaSnackPro\target\classes started by aybbk in C:\Users\aybbk\git\MamaSnackPro)
[INFO ] 2018-07-26 22:43:18.121 [main] MamasnackWsApplication - The following profiles are active: @spring.profiles.active@
[INFO ] 2018-07-26 22:43:23.621 [main] MamasnackWsApplication - Started MamasnackWsApplication in 5.847 seconds (JVM running for 7.724)
[ERROR] 2018-07-26 22:43:28.460 [http-nio-8080-exec-1] ProduitRestService - com.mamasnack.service.ProduitRestServiceune erreur est produite lors de l'exécution du web service ajouter Categorie : query did not return a unique result: 2; nested exception is javax.persistence.NonUniqueResultException: query did not return a unique result: 2
[ERROR] 2018-07-26 22:57:25.654 [http-nio-8080-exec-6] ProduitRestService - com.mamasnack.service.ProduitRestServiceune erreur est produite lors de l'exécution du web service ajouterProduit : could not execute statement; SQL [n/a]; constraint [null]; nested exception is org.hibernate.exception.ConstraintViolationException: could not execute statement
[ERROR] 2018-07-26 22:59:35.925 [http-nio-8080-exec-1] ProduitRestService - com.mamasnack.service.ProduitRestServiceune erreur est produite lors de l'exécution du web service ajouter Categorie : query did not return a unique result: 2; nested exception is javax.persistence.NonUniqueResultException: query did not return a unique result: 2
[ERROR] 2018-07-26 22:59:38.125 [http-nio-8080-exec-2] ProduitRestService - com.mamasnack.service.ProduitRestServiceune erreur est produite lors de l'exécution du web service ajouter Categorie : query did not return a unique result: 2; nested exception is javax.persistence.NonUniqueResultException: query did not return a unique result: 2
[INFO ] 2018-07-26 22:59:49.098 [main] MamasnackWsApplication - Starting MamasnackWsApplication on AYOUB-PC with PID 4976 (C:\Users\aybbk\git\MamaSnackPro\target\classes started by aybbk in C:\Users\aybbk\git\MamaSnackPro)
[INFO ] 2018-07-26 22:59:49.122 [main] MamasnackWsApplication - The following profiles are active: @spring.profiles.active@
[INFO ] 2018-07-26 22:59:58.269 [main] MamasnackWsApplication - Started MamasnackWsApplication in 9.607 seconds (JVM running for 10.958)
[ERROR] 2018-07-26 23:04:46.841 [http-nio-8080-exec-9] ProduitRestService - com.mamasnack.service.ProduitRestServiceune erreur est produite lors de l'exécution du web service ajouter Categorie : query did not return a unique result: 2; nested exception is javax.persistence.NonUniqueResultException: query did not return a unique result: 2
[INFO ] 2018-07-26 23:06:07.618 [main] MamasnackWsApplication - Starting MamasnackWsApplication on AYOUB-PC with PID 1148 (C:\Users\aybbk\git\MamaSnackPro\target\classes started by aybbk in C:\Users\aybbk\git\MamaSnackPro)
[INFO ] 2018-07-26 23:06:07.641 [main] MamasnackWsApplication - The following profiles are active: @spring.profiles.active@
[INFO ] 2018-07-26 23:06:16.887 [main] MamasnackWsApplication - Started MamasnackWsApplication in 10.088 seconds (JVM running for 12.56)
[ERROR] 2018-07-26 23:06:29.796 [http-nio-8080-exec-3] ProduitRestService - com.mamasnack.service.ProduitRestServiceune erreur est produite lors de l'exécution du web service ajouter Categorie : query did not return a unique result: 2; nested exception is javax.persistence.NonUniqueResultException: query did not return a unique result: 2
[INFO ] 2018-07-26 23:15:42.601 [main] MamasnackWsApplication - Starting MamasnackWsApplication on AYOUB-PC with PID 8784 (C:\Users\aybbk\git\MamaSnackPro\target\classes started by aybbk in C:\Users\aybbk\git\MamaSnackPro)
[INFO ] 2018-07-26 23:15:42.620 [main] MamasnackWsApplication - The following profiles are active: @spring.profiles.active@
[INFO ] 2018-07-26 23:15:51.191 [main] MamasnackWsApplication - Started MamasnackWsApplication in 9.224 seconds (JVM running for 10.739)
[INFO ] 2018-07-26 23:17:47.795 [main] MamasnackWsApplication - Starting MamasnackWsApplication on AYOUB-PC with PID 6960 (C:\Users\aybbk\git\MamaSnackPro\target\classes started by aybbk in C:\Users\aybbk\git\MamaSnackPro)
[INFO ] 2018-07-26 23:17:47.818 [main] MamasnackWsApplication - The following profiles are active: @spring.profiles.active@
[INFO ] 2018-07-26 23:17:55.176 [main] MamasnackWsApplication - Started MamasnackWsApplication in 7.736 seconds (JVM running for 9.17)
[ERROR] 2018-07-26 23:18:35.561 [http-nio-8080-exec-2] ProduitRestService - com.mamasnack.service.ProduitRestServiceune erreur est produite lors de l'exécution du web service ajouter Categorie : query did not return a unique result: 2; nested exception is javax.persistence.NonUniqueResultException: query did not return a unique result: 2
