[INFO ] 2018-12-27 00:30:00.635 [main] MamasnackWsApplication - Starting MamasnackWsApplication on aboukhri with PID 11557 (/home/aboukhri/Desktop/MamaSnackPro/target/classes started by aboukhri in /home/aboukhri/Desktop/MamaSnackPro)
[INFO ] 2018-12-27 00:30:00.645 [main] MamasnackWsApplication - The following profiles are active: @spring.profiles.active@
[INFO ] 2018-12-27 00:30:05.805 [main] MamasnackWsApplication - Started MamasnackWsApplication in 5.515 seconds (JVM running for 7.146)
[INFO ] 2018-12-27 00:30:11.253 [http-nio-8080-exec-1] CommandeRestService - getAllLigneDeCommande message
[INFO ] 2018-12-27 00:45:25.053 [main] MamasnackWsApplication - Starting MamasnackWsApplication on aboukhri with PID 11879 (/home/aboukhri/Desktop/MamaSnackPro/target/classes started by aboukhri in /home/aboukhri/Desktop/MamaSnackPro)
[INFO ] 2018-12-27 00:45:25.059 [main] MamasnackWsApplication - The following profiles are active: @spring.profiles.active@
[INFO ] 2018-12-27 00:45:31.472 [main] MamasnackWsApplication - Started MamasnackWsApplication in 6.861 seconds (JVM running for 8.488)
[INFO ] 2018-12-27 00:47:01.285 [http-nio-8080-exec-2] CommandeRestService - getAllLigneDeCommande message
[INFO ] 2018-12-27 00:57:02.560 [main] MamasnackWsApplication - Starting MamasnackWsApplication on aboukhri with PID 12180 (/home/aboukhri/Desktop/MamaSnackPro/target/classes started by aboukhri in /home/aboukhri/Desktop/MamaSnackPro)
[INFO ] 2018-12-27 00:57:02.568 [main] MamasnackWsApplication - The following profiles are active: @spring.profiles.active@
[INFO ] 2018-12-27 00:57:08.072 [main] MamasnackWsApplication - Started MamasnackWsApplication in 5.91 seconds (JVM running for 9.505)
[INFO ] 2018-12-27 00:57:10.639 [http-nio-8080-exec-1] CommandeRestService - getAllLigneDeCommande message
[ERROR] 2018-12-27 00:57:10.727 [http-nio-8080-exec-1] CommandeRestService - com.mamasnack.service.CommandeRestServiceune erreur est produite lors de l'exécution du web service getAllLigneDeCommande() : Null value was assigned to a property [class com.mamasnack.entities.LigneCommande.prix] of primitive type setter of com.mamasnack.entities.LigneCommande.prix; nested exception is org.hibernate.PropertyAccessException: Null value was assigned to a property [class com.mamasnack.entities.LigneCommande.prix] of primitive type setter of com.mamasnack.entities.LigneCommande.prix
[INFO ] 2018-12-27 00:57:36.844 [http-nio-8080-exec-2] CommandeMetierImpl - Info message
[ERROR] 2018-12-27 00:57:36.942 [http-nio-8080-exec-2] CommandeRestService - com.mamasnack.service.CommandeRestServiceune erreur est produite lors de l'exécution du web service listCommandes() : Null value was assigned to a property [class com.mamasnack.entities.LigneCommande.prix] of primitive type setter of com.mamasnack.entities.LigneCommande.prix; nested exception is org.hibernate.PropertyAccessException: Null value was assigned to a property [class com.mamasnack.entities.LigneCommande.prix] of primitive type setter of com.mamasnack.entities.LigneCommande.prix
[INFO ] 2018-12-27 00:59:08.672 [main] MamasnackWsApplication - Starting MamasnackWsApplication on aboukhri with PID 12289 (/home/aboukhri/Desktop/MamaSnackPro/target/classes started by aboukhri in /home/aboukhri/Desktop/MamaSnackPro)
[INFO ] 2018-12-27 00:59:08.686 [main] MamasnackWsApplication - The following profiles are active: @spring.profiles.active@
[INFO ] 2018-12-27 00:59:53.630 [main] MamasnackWsApplication - Starting MamasnackWsApplication on aboukhri with PID 12378 (/home/aboukhri/Desktop/MamaSnackPro/target/classes started by aboukhri in /home/aboukhri/Desktop/MamaSnackPro)
[INFO ] 2018-12-27 00:59:53.647 [main] MamasnackWsApplication - The following profiles are active: @spring.profiles.active@
[INFO ] 2018-12-27 00:59:58.773 [main] MamasnackWsApplication - Started MamasnackWsApplication in 5.536 seconds (JVM running for 6.976)
[INFO ] 2018-12-27 01:00:27.753 [http-nio-8080-exec-1] CommandeRestService - getAllLigneDeCommande message
[ERROR] 2018-12-27 01:00:27.851 [http-nio-8080-exec-1] CommandeRestService - com.mamasnack.service.CommandeRestServiceune erreur est produite lors de l'exécution du web service getAllLigneDeCommande() : Null value was assigned to a property [class com.mamasnack.entities.LigneCommande.prix] of primitive type setter of com.mamasnack.entities.LigneCommande.prix; nested exception is org.hibernate.PropertyAccessException: Null value was assigned to a property [class com.mamasnack.entities.LigneCommande.prix] of primitive type setter of com.mamasnack.entities.LigneCommande.prix
[INFO ] 2018-12-27 01:00:28.662 [http-nio-8080-exec-2] CommandeRestService - getAllLigneDeCommande message
[ERROR] 2018-12-27 01:00:28.667 [http-nio-8080-exec-2] CommandeRestService - com.mamasnack.service.CommandeRestServiceune erreur est produite lors de l'exécution du web service getAllLigneDeCommande() : Null value was assigned to a property [class com.mamasnack.entities.LigneCommande.prix] of primitive type setter of com.mamasnack.entities.LigneCommande.prix; nested exception is org.hibernate.PropertyAccessException: Null value was assigned to a property [class com.mamasnack.entities.LigneCommande.prix] of primitive type setter of com.mamasnack.entities.LigneCommande.prix
[INFO ] 2018-12-27 01:00:29.558 [http-nio-8080-exec-3] CommandeRestService - getAllLigneDeCommande message
[ERROR] 2018-12-27 01:00:29.566 [http-nio-8080-exec-3] CommandeRestService - com.mamasnack.service.CommandeRestServiceune erreur est produite lors de l'exécution du web service getAllLigneDeCommande() : Null value was assigned to a property [class com.mamasnack.entities.LigneCommande.prix] of primitive type setter of com.mamasnack.entities.LigneCommande.prix; nested exception is org.hibernate.PropertyAccessException: Null value was assigned to a property [class com.mamasnack.entities.LigneCommande.prix] of primitive type setter of com.mamasnack.entities.LigneCommande.prix
[INFO ] 2018-12-27 01:00:29.963 [http-nio-8080-exec-4] CommandeRestService - getAllLigneDeCommande message
[ERROR] 2018-12-27 01:00:29.967 [http-nio-8080-exec-4] CommandeRestService - com.mamasnack.service.CommandeRestServiceune erreur est produite lors de l'exécution du web service getAllLigneDeCommande() : Null value was assigned to a property [class com.mamasnack.entities.LigneCommande.prix] of primitive type setter of com.mamasnack.entities.LigneCommande.prix; nested exception is org.hibernate.PropertyAccessException: Null value was assigned to a property [class com.mamasnack.entities.LigneCommande.prix] of primitive type setter of com.mamasnack.entities.LigneCommande.prix
[INFO ] 2018-12-27 01:00:30.819 [http-nio-8080-exec-5] CommandeRestService - getAllLigneDeCommande message
[ERROR] 2018-12-27 01:00:30.822 [http-nio-8080-exec-5] CommandeRestService - com.mamasnack.service.CommandeRestServiceune erreur est produite lors de l'exécution du web service getAllLigneDeCommande() : Null value was assigned to a property [class com.mamasnack.entities.LigneCommande.prix] of primitive type setter of com.mamasnack.entities.LigneCommande.prix; nested exception is org.hibernate.PropertyAccessException: Null value was assigned to a property [class com.mamasnack.entities.LigneCommande.prix] of primitive type setter of com.mamasnack.entities.LigneCommande.prix
[INFO ] 2018-12-27 01:04:59.410 [http-nio-8080-exec-7] CommandeRestService - getAllLigneDeCommande message
